<?xml version="1.0" encoding="UTF-8"?>
<!-- Generated by org.testng.reporters.JUnitReportReporter -->
<testsuite hostname="cherry_on_top" failures="0" tests="1" name="APItest.test1" time="2.154" errors="0" timestamp="2025-06-05T23:06:35 IST" skipped="0">
  <testcase classname="APItest.test1" name="testex" time="2.154"/>
</testsuite> <!-- APItest.test1 -->
