<?xml version="1.0" encoding="UTF-8"?>
<!-- Generated by org.testng.reporters.JUnitReportReporter -->
<testsuite hostname="cherry_on_top" failures="0" tests="1" name="APItest.Test2" time="4.465" errors="0" timestamp="2025-06-11T14:47:31 IST" skipped="0">
  <testcase classname="APItest.Test2" name="main" time="4.465"/>
</testsuite> <!-- APItest.Test2 -->
